<?xml version="1.0" encoding="UTF-8"?>
<testsuite name="com.api.config.ResMsgTest" tests="3" skipped="0" failures="0" errors="0" timestamp="2023-08-22T16:08:33" hostname="ichunglyeol-ui-MacBookAir.local" time="0.003">
  <properties/>
  <testcase name="buildTest()" classname="com.api.config.ResMsgTest" time="0.002"/>
  <testcase name="MessageTest2()" classname="com.api.config.ResMsgTest" time="0.0"/>
  <testcase name="MessageTest()" classname="com.api.config.ResMsgTest" time="0.001"/>
  <system-out><![CDATA[]]></system-out>
  <system-err><![CDATA[]]></system-err>
</testsuite>
