<?xml version="1.0" encoding="UTF-8"?>
<testsuite name="com.api.stock.StockApiTest" tests="1" skipped="0" failures="0" errors="0" timestamp="2023-08-22T16:08:34" hostname="ichunglyeol-ui-MacBookAir.local" time="4.57">
  <properties/>
  <testcase name="입고 Api" classname="com.api.stock.StockApiTest" time="4.57"/>
  <system-out><![CDATA[[DEBUG] 2023-08-23 01:08:34.979 :         o.s.t.c.BootstrapUtils - Instantiating CacheAwareContextLoaderDelegate from class [org.springframework.test.context.cache.DefaultCacheAwareContextLoaderDelegate]
[DEBUG] 2023-08-23 01:08:34.979 :         o.s.t.c.BootstrapUtils - Instantiating BootstrapContext using constructor [public org.springframework.test.context.support.DefaultBootstrapContext(java.lang.Class,org.springframework.test.context.CacheAwareContextLoaderDelegate)]
[DEBUG] 2023-08-23 01:08:34.979 :         o.s.t.c.BootstrapUtils - Instantiating TestContextBootstrapper for test class [com.api.stock.StockApiTest] from class [org.springframework.boot.test.context.SpringBootTestContextBootstrapper]
[INFO ] 2023-08-23 01:08:34.980 : o.s.b.t.c.SpringBootTestContextBootstrapper - Neither @ContextConfiguration nor @ContextHierarchy found for test class [com.api.stock.StockApiTest], using SpringBootContextLoader
[DEBUG] 2023-08-23 01:08:34.980 : o.s.t.c.s.AbstractContextLoader - Did not detect default resource location for test class [com.api.stock.StockApiTest]: class path resource [com/api/stock/StockApiTest-context.xml] does not exist
[DEBUG] 2023-08-23 01:08:34.980 : o.s.t.c.s.AbstractContextLoader - Did not detect default resource location for test class [com.api.stock.StockApiTest]: class path resource [com/api/stock/StockApiTestContext.groovy] does not exist
[INFO ] 2023-08-23 01:08:34.980 : o.s.t.c.s.AbstractContextLoader - Could not detect default resource locations for test class [com.api.stock.StockApiTest]: no resource found for suffixes {-context.xml, Context.groovy}.
[INFO ] 2023-08-23 01:08:34.980 : o.s.t.c.s.AnnotationConfigContextLoaderUtils - Could not detect default configuration classes for test class [com.api.stock.StockApiTest]: StockApiTest does not declare any static, non-private, non-final, nested classes annotated with @Configuration.
[DEBUG] 2023-08-23 01:08:34.981 :  o.s.t.c.s.ActiveProfilesUtils - Could not find an 'annotation declaring class' for annotation type [org.springframework.test.context.ActiveProfiles] and class [com.api.stock.StockApiTest]
[DEBUG] 2023-08-23 01:08:34.982 : o.s.c.a.ClassPathScanningCandidateComponentProvider - Identified candidate component class: file [/Users/crlee/Desktop/dev/daou/api-server/build/classes/java/main/com/api/ApiApplication.class]
[INFO ] 2023-08-23 01:08:34.982 : o.s.b.t.c.SpringBootTestContextBootstrapper - Found @SpringBootConfiguration com.api.ApiApplication for test class com.api.stock.StockApiTest
[DEBUG] 2023-08-23 01:08:34.983 : o.s.b.t.c.SpringBootTestContextBootstrapper - @TestExecutionListeners is not present for class [com.api.stock.StockApiTest]: using defaults.
[INFO ] 2023-08-23 01:08:34.983 : o.s.b.t.c.SpringBootTestContextBootstrapper - Loaded default TestExecutionListener class names from location [META-INF/spring.factories]: [org.springframework.boot.test.autoconfigure.restdocs.RestDocsTestExecutionListener, org.springframework.boot.test.autoconfigure.web.client.MockRestServiceServerResetTestExecutionListener, org.springframework.boot.test.autoconfigure.web.servlet.MockMvcPrintOnlyOnFailureTestExecutionListener, org.springframework.boot.test.autoconfigure.web.servlet.WebDriverTestExecutionListener, org.springframework.boot.test.autoconfigure.webservices.client.MockWebServiceServerTestExecutionListener, org.springframework.boot.test.mock.mockito.MockitoTestExecutionListener, org.springframework.boot.test.mock.mockito.ResetMocksTestExecutionListener, org.springframework.test.context.web.ServletTestExecutionListener, org.springframework.test.context.support.DirtiesContextBeforeModesTestExecutionListener, org.springframework.test.context.event.ApplicationEventsTestExecutionListener, org.springframework.test.context.support.DependencyInjectionTestExecutionListener, org.springframework.test.context.support.DirtiesContextTestExecutionListener, org.springframework.test.context.transaction.TransactionalTestExecutionListener, org.springframework.test.context.jdbc.SqlScriptsTestExecutionListener, org.springframework.test.context.event.EventPublishingTestExecutionListener]
[INFO ] 2023-08-23 01:08:34.983 : o.s.b.t.c.SpringBootTestContextBootstrapper - Using TestExecutionListeners: [org.springframework.test.context.web.ServletTestExecutionListener@66ab088c, org.springframework.test.context.support.DirtiesContextBeforeModesTestExecutionListener@5d01a2eb, org.springframework.test.context.event.ApplicationEventsTestExecutionListener@6fe337a5, org.springframework.boot.test.mock.mockito.MockitoTestExecutionListener@7d60bd5a, org.springframework.boot.test.autoconfigure.SpringBootDependencyInjectionTestExecutionListener@43312512, org.springframework.test.context.support.DirtiesContextTestExecutionListener@13f7c165, org.springframework.test.context.transaction.TransactionalTestExecutionListener@655f92a1, org.springframework.test.context.jdbc.SqlScriptsTestExecutionListener@1d2d793d, org.springframework.test.context.event.EventPublishingTestExecutionListener@57fec63f, org.springframework.boot.test.autoconfigure.restdocs.RestDocsTestExecutionListener@7a2fd94c, org.springframework.boot.test.autoconfigure.web.client.MockRestServiceServerResetTestExecutionListener@637c8632, org.springframework.boot.test.autoconfigure.web.servlet.MockMvcPrintOnlyOnFailureTestExecutionListener@156eeff1, org.springframework.boot.test.autoconfigure.web.servlet.WebDriverTestExecutionListener@34001c5d, org.springframework.boot.test.autoconfigure.webservices.client.MockWebServiceServerTestExecutionListener@30e15628, org.springframework.boot.test.mock.mockito.ResetMocksTestExecutionListener@37ab1b10]
[DEBUG] 2023-08-23 01:08:34.983 : o.s.t.c.s.DependencyInjectionTestExecutionListener - Performing dependency injection for test context [[DefaultTestContext@55d87b73 testClass = StockApiTest, testInstance = com.api.stock.StockApiTest@618e7761, testMethod = [null], testException = [null], mergedContextConfiguration = [WebMergedContextConfiguration@5b643d6e testClass = StockApiTest, locations = '{}', classes = '{class com.api.ApiApplication}', contextInitializerClasses = '[]', activeProfiles = '{}', propertySourceLocations = '{}', propertySourceProperties = '{org.springframework.boot.test.context.SpringBootTestContextBootstrapper=true, server.port=0}', contextCustomizers = set[org.springframework.boot.test.autoconfigure.actuate.metrics.MetricsExportContextCustomizerFactory$DisableMetricExportContextCustomizer@27d4a09, org.springframework.boot.test.autoconfigure.properties.PropertyMappingContextCustomizer@0, org.springframework.boot.test.autoconfigure.web.servlet.WebDriverContextCustomizerFactory$Customizer@6c0d9d86, org.springframework.boot.test.context.filter.ExcludeFilterContextCustomizer@2250b9f2, org.springframework.boot.test.json.DuplicateJsonObjectContextCustomizerFactory$DuplicateJsonObjectContextCustomizer@142269f2, org.springframework.boot.test.mock.mockito.MockitoContextCustomizer@0, org.springframework.boot.test.web.client.TestRestTemplateContextCustomizer@37caecda, org.springframework.boot.test.context.SpringBootTestArgs@1, org.springframework.boot.test.context.SpringBootTestWebEnvironment@25084a1e], resourceBasePath = 'src/main/webapp', contextLoader = 'org.springframework.boot.test.context.SpringBootContextLoader', parent = [null]], attributes = map['org.springframework.test.context.web.ServletTestExecutionListener.activateListener' -> false, 'org.springframework.test.context.event.ApplicationEventsTestExecutionListener.recordApplicationEvents' -> false]]].
[DEBUG] 2023-08-23 01:08:34.983 : o.s.t.c.c.DefaultCacheAwareContextLoaderDelegate - Retrieved ApplicationContext [759536602] from cache with key [[WebMergedContextConfiguration@5b643d6e testClass = StockApiTest, locations = '{}', classes = '{class com.api.ApiApplication}', contextInitializerClasses = '[]', activeProfiles = '{}', propertySourceLocations = '{}', propertySourceProperties = '{org.springframework.boot.test.context.SpringBootTestContextBootstrapper=true, server.port=0}', contextCustomizers = set[org.springframework.boot.test.autoconfigure.actuate.metrics.MetricsExportContextCustomizerFactory$DisableMetricExportContextCustomizer@27d4a09, org.springframework.boot.test.autoconfigure.properties.PropertyMappingContextCustomizer@0, org.springframework.boot.test.autoconfigure.web.servlet.WebDriverContextCustomizerFactory$Customizer@6c0d9d86, org.springframework.boot.test.context.filter.ExcludeFilterContextCustomizer@2250b9f2, org.springframework.boot.test.json.DuplicateJsonObjectContextCustomizerFactory$DuplicateJsonObjectContextCustomizer@142269f2, org.springframework.boot.test.mock.mockito.MockitoContextCustomizer@0, org.springframework.boot.test.web.client.TestRestTemplateContextCustomizer@37caecda, org.springframework.boot.test.context.SpringBootTestArgs@1, org.springframework.boot.test.context.SpringBootTestWebEnvironment@25084a1e], resourceBasePath = 'src/main/webapp', contextLoader = 'org.springframework.boot.test.context.SpringBootContextLoader', parent = [null]]]
[DEBUG] 2023-08-23 01:08:34.983 :                  o.s.t.c.cache - Spring test ApplicationContext cache statistics: [DefaultContextCache@663f237a size = 3, maxSize = 32, parentContextCount = 0, hitCount = 156, missCount = 3]
[DEBUG] 2023-08-23 01:08:34.984 : o.s.c.e.PropertySourcesPropertyResolver - Found key 'local.server.port' in PropertySource 'environmentProperties' with value of type String
[DEBUG] 2023-08-23 01:08:34.984 : o.s.c.e.PropertySourcesPropertyResolver - Found key 'server.servlet.context-path' in PropertySource 'environmentProperties' with value of type String
[DEBUG] 2023-08-23 01:08:34.985 : o.s.t.c.c.DefaultCacheAwareContextLoaderDelegate - Retrieved ApplicationContext [759536602] from cache with key [[WebMergedContextConfiguration@5b643d6e testClass = StockApiTest, locations = '{}', classes = '{class com.api.ApiApplication}', contextInitializerClasses = '[]', activeProfiles = '{}', propertySourceLocations = '{}', propertySourceProperties = '{org.springframework.boot.test.context.SpringBootTestContextBootstrapper=true, server.port=0}', contextCustomizers = set[org.springframework.boot.test.autoconfigure.actuate.metrics.MetricsExportContextCustomizerFactory$DisableMetricExportContextCustomizer@27d4a09, org.springframework.boot.test.autoconfigure.properties.PropertyMappingContextCustomizer@0, org.springframework.boot.test.autoconfigure.web.servlet.WebDriverContextCustomizerFactory$Customizer@6c0d9d86, org.springframework.boot.test.context.filter.ExcludeFilterContextCustomizer@2250b9f2, org.springframework.boot.test.json.DuplicateJsonObjectContextCustomizerFactory$DuplicateJsonObjectContextCustomizer@142269f2, org.springframework.boot.test.mock.mockito.MockitoContextCustomizer@0, org.springframework.boot.test.web.client.TestRestTemplateContextCustomizer@37caecda, org.springframework.boot.test.context.SpringBootTestArgs@1, org.springframework.boot.test.context.SpringBootTestWebEnvironment@25084a1e], resourceBasePath = 'src/main/webapp', contextLoader = 'org.springframework.boot.test.context.SpringBootContextLoader', parent = [null]]]
[DEBUG] 2023-08-23 01:08:34.985 :                  o.s.t.c.cache - Spring test ApplicationContext cache statistics: [DefaultContextCache@663f237a size = 3, maxSize = 32, parentContextCount = 0, hitCount = 157, missCount = 3]
[DEBUG] 2023-08-23 01:08:34.985 : o.s.t.c.s.AbstractDirtiesContextTestExecutionListener - Before test class: context [DefaultTestContext@55d87b73 testClass = StockApiTest, testInstance = [null], testMethod = [null], testException = [null], mergedContextConfiguration = [WebMergedContextConfiguration@5b643d6e testClass = StockApiTest, locations = '{}', classes = '{class com.api.ApiApplication}', contextInitializerClasses = '[]', activeProfiles = '{}', propertySourceLocations = '{}', propertySourceProperties = '{org.springframework.boot.test.context.SpringBootTestContextBootstrapper=true, server.port=0}', contextCustomizers = set[org.springframework.boot.test.autoconfigure.actuate.metrics.MetricsExportContextCustomizerFactory$DisableMetricExportContextCustomizer@27d4a09, org.springframework.boot.test.autoconfigure.properties.PropertyMappingContextCustomizer@0, org.springframework.boot.test.autoconfigure.web.servlet.WebDriverContextCustomizerFactory$Customizer@6c0d9d86, org.springframework.boot.test.context.filter.ExcludeFilterContextCustomizer@2250b9f2, org.springframework.boot.test.json.DuplicateJsonObjectContextCustomizerFactory$DuplicateJsonObjectContextCustomizer@142269f2, org.springframework.boot.test.mock.mockito.MockitoContextCustomizer@0, org.springframework.boot.test.web.client.TestRestTemplateContextCustomizer@37caecda, org.springframework.boot.test.context.SpringBootTestArgs@1, org.springframework.boot.test.context.SpringBootTestWebEnvironment@25084a1e], resourceBasePath = 'src/main/webapp', contextLoader = 'org.springframework.boot.test.context.SpringBootContextLoader', parent = [null]], attributes = map['org.springframework.test.context.web.ServletTestExecutionListener.activateListener' -> false, 'org.springframework.test.context.event.ApplicationEventsTestExecutionListener.recordApplicationEvents' -> false]], class annotated with @DirtiesContext [false] with mode [null].
[DEBUG] 2023-08-23 01:08:34.985 : o.s.t.c.c.DefaultCacheAwareContextLoaderDelegate - Retrieved ApplicationContext [759536602] from cache with key [[WebMergedContextConfiguration@5b643d6e testClass = StockApiTest, locations = '{}', classes = '{class com.api.ApiApplication}', contextInitializerClasses = '[]', activeProfiles = '{}', propertySourceLocations = '{}', propertySourceProperties = '{org.springframework.boot.test.context.SpringBootTestContextBootstrapper=true, server.port=0}', contextCustomizers = set[org.springframework.boot.test.autoconfigure.actuate.metrics.MetricsExportContextCustomizerFactory$DisableMetricExportContextCustomizer@27d4a09, org.springframework.boot.test.autoconfigure.properties.PropertyMappingContextCustomizer@0, org.springframework.boot.test.autoconfigure.web.servlet.WebDriverContextCustomizerFactory$Customizer@6c0d9d86, org.springframework.boot.test.context.filter.ExcludeFilterContextCustomizer@2250b9f2, org.springframework.boot.test.json.DuplicateJsonObjectContextCustomizerFactory$DuplicateJsonObjectContextCustomizer@142269f2, org.springframework.boot.test.mock.mockito.MockitoContextCustomizer@0, org.springframework.boot.test.web.client.TestRestTemplateContextCustomizer@37caecda, org.springframework.boot.test.context.SpringBootTestArgs@1, org.springframework.boot.test.context.SpringBootTestWebEnvironment@25084a1e], resourceBasePath = 'src/main/webapp', contextLoader = 'org.springframework.boot.test.context.SpringBootContextLoader', parent = [null]]]
[DEBUG] 2023-08-23 01:08:34.985 :                  o.s.t.c.cache - Spring test ApplicationContext cache statistics: [DefaultContextCache@663f237a size = 3, maxSize = 32, parentContextCount = 0, hitCount = 158, missCount = 3]
[DEBUG] 2023-08-23 01:08:34.985 : o.s.t.c.s.AbstractDirtiesContextTestExecutionListener - Before test method: context [DefaultTestContext@55d87b73 testClass = StockApiTest, testInstance = com.api.stock.StockApiTest@618e7761, testMethod = getProductApi@StockApiTest, testException = [null], mergedContextConfiguration = [WebMergedContextConfiguration@5b643d6e testClass = StockApiTest, locations = '{}', classes = '{class com.api.ApiApplication}', contextInitializerClasses = '[]', activeProfiles = '{}', propertySourceLocations = '{}', propertySourceProperties = '{org.springframework.boot.test.context.SpringBootTestContextBootstrapper=true, server.port=0}', contextCustomizers = set[org.springframework.boot.test.autoconfigure.actuate.metrics.MetricsExportContextCustomizerFactory$DisableMetricExportContextCustomizer@27d4a09, org.springframework.boot.test.autoconfigure.properties.PropertyMappingContextCustomizer@0, org.springframework.boot.test.autoconfigure.web.servlet.WebDriverContextCustomizerFactory$Customizer@6c0d9d86, org.springframework.boot.test.context.filter.ExcludeFilterContextCustomizer@2250b9f2, org.springframework.boot.test.json.DuplicateJsonObjectContextCustomizerFactory$DuplicateJsonObjectContextCustomizer@142269f2, org.springframework.boot.test.mock.mockito.MockitoContextCustomizer@0, org.springframework.boot.test.web.client.TestRestTemplateContextCustomizer@37caecda, org.springframework.boot.test.context.SpringBootTestArgs@1, org.springframework.boot.test.context.SpringBootTestWebEnvironment@25084a1e], resourceBasePath = 'src/main/webapp', contextLoader = 'org.springframework.boot.test.context.SpringBootContextLoader', parent = [null]], attributes = map['org.springframework.test.context.web.ServletTestExecutionListener.activateListener' -> false, 'org.springframework.test.context.event.ApplicationEventsTestExecutionListener.recordApplicationEvents' -> false]], class annotated with @DirtiesContext [false] with mode [null], method annotated with @DirtiesContext [false] with mode [null].
[DEBUG] 2023-08-23 01:08:34.985 : o.s.t.c.c.DefaultCacheAwareContextLoaderDelegate - Retrieved ApplicationContext [759536602] from cache with key [[WebMergedContextConfiguration@5b643d6e testClass = StockApiTest, locations = '{}', classes = '{class com.api.ApiApplication}', contextInitializerClasses = '[]', activeProfiles = '{}', propertySourceLocations = '{}', propertySourceProperties = '{org.springframework.boot.test.context.SpringBootTestContextBootstrapper=true, server.port=0}', contextCustomizers = set[org.springframework.boot.test.autoconfigure.actuate.metrics.MetricsExportContextCustomizerFactory$DisableMetricExportContextCustomizer@27d4a09, org.springframework.boot.test.autoconfigure.properties.PropertyMappingContextCustomizer@0, org.springframework.boot.test.autoconfigure.web.servlet.WebDriverContextCustomizerFactory$Customizer@6c0d9d86, org.springframework.boot.test.context.filter.ExcludeFilterContextCustomizer@2250b9f2, org.springframework.boot.test.json.DuplicateJsonObjectContextCustomizerFactory$DuplicateJsonObjectContextCustomizer@142269f2, org.springframework.boot.test.mock.mockito.MockitoContextCustomizer@0, org.springframework.boot.test.web.client.TestRestTemplateContextCustomizer@37caecda, org.springframework.boot.test.context.SpringBootTestArgs@1, org.springframework.boot.test.context.SpringBootTestWebEnvironment@25084a1e], resourceBasePath = 'src/main/webapp', contextLoader = 'org.springframework.boot.test.context.SpringBootContextLoader', parent = [null]]]
[DEBUG] 2023-08-23 01:08:34.986 :                  o.s.t.c.cache - Spring test ApplicationContext cache statistics: [DefaultContextCache@663f237a size = 3, maxSize = 32, parentContextCount = 0, hitCount = 159, missCount = 3]
[DEBUG] 2023-08-23 01:08:34.986 : o.s.t.c.c.DefaultCacheAwareContextLoaderDelegate - Retrieved ApplicationContext [759536602] from cache with key [[WebMergedContextConfiguration@5b643d6e testClass = StockApiTest, locations = '{}', classes = '{class com.api.ApiApplication}', contextInitializerClasses = '[]', activeProfiles = '{}', propertySourceLocations = '{}', propertySourceProperties = '{org.springframework.boot.test.context.SpringBootTestContextBootstrapper=true, server.port=0}', contextCustomizers = set[org.springframework.boot.test.autoconfigure.actuate.metrics.MetricsExportContextCustomizerFactory$DisableMetricExportContextCustomizer@27d4a09, org.springframework.boot.test.autoconfigure.properties.PropertyMappingContextCustomizer@0, org.springframework.boot.test.autoconfigure.web.servlet.WebDriverContextCustomizerFactory$Customizer@6c0d9d86, org.springframework.boot.test.context.filter.ExcludeFilterContextCustomizer@2250b9f2, org.springframework.boot.test.json.DuplicateJsonObjectContextCustomizerFactory$DuplicateJsonObjectContextCustomizer@142269f2, org.springframework.boot.test.mock.mockito.MockitoContextCustomizer@0, org.springframework.boot.test.web.client.TestRestTemplateContextCustomizer@37caecda, org.springframework.boot.test.context.SpringBootTestArgs@1, org.springframework.boot.test.context.SpringBootTestWebEnvironment@25084a1e], resourceBasePath = 'src/main/webapp', contextLoader = 'org.springframework.boot.test.context.SpringBootContextLoader', parent = [null]]]
[DEBUG] 2023-08-23 01:08:34.986 :                  o.s.t.c.cache - Spring test ApplicationContext cache statistics: [DefaultContextCache@663f237a size = 3, maxSize = 32, parentContextCount = 0, hitCount = 160, missCount = 3]
[DEBUG] 2023-08-23 01:08:34.986 : o.s.t.c.c.DefaultCacheAwareContextLoaderDelegate - Retrieved ApplicationContext [759536602] from cache with key [[WebMergedContextConfiguration@5b643d6e testClass = StockApiTest, locations = '{}', classes = '{class com.api.ApiApplication}', contextInitializerClasses = '[]', activeProfiles = '{}', propertySourceLocations = '{}', propertySourceProperties = '{org.springframework.boot.test.context.SpringBootTestContextBootstrapper=true, server.port=0}', contextCustomizers = set[org.springframework.boot.test.autoconfigure.actuate.metrics.MetricsExportContextCustomizerFactory$DisableMetricExportContextCustomizer@27d4a09, org.springframework.boot.test.autoconfigure.properties.PropertyMappingContextCustomizer@0, org.springframework.boot.test.autoconfigure.web.servlet.WebDriverContextCustomizerFactory$Customizer@6c0d9d86, org.springframework.boot.test.context.filter.ExcludeFilterContextCustomizer@2250b9f2, org.springframework.boot.test.json.DuplicateJsonObjectContextCustomizerFactory$DuplicateJsonObjectContextCustomizer@142269f2, org.springframework.boot.test.mock.mockito.MockitoContextCustomizer@0, org.springframework.boot.test.web.client.TestRestTemplateContextCustomizer@37caecda, org.springframework.boot.test.context.SpringBootTestArgs@1, org.springframework.boot.test.context.SpringBootTestWebEnvironment@25084a1e], resourceBasePath = 'src/main/webapp', contextLoader = 'org.springframework.boot.test.context.SpringBootContextLoader', parent = [null]]]
[DEBUG] 2023-08-23 01:08:34.986 :                  o.s.t.c.cache - Spring test ApplicationContext cache statistics: [DefaultContextCache@663f237a size = 3, maxSize = 32, parentContextCount = 0, hitCount = 161, missCount = 3]
[DEBUG] 2023-08-23 01:08:34.988 :             c.z.h.p.HikariPool - HikariPool-2 - Added connection com.mysql.cj.jdbc.ConnectionImpl@3869d51f
[DEBUG] 2023-08-23 01:08:34.988 :           o.s.w.c.RestTemplate - HTTP POST http://localhost:52117/inbound
[DEBUG] 2023-08-23 01:08:34.989 :           o.s.w.c.RestTemplate - Accept=[application/json, application/*+json]
[DEBUG] 2023-08-23 01:08:34.989 :           o.s.w.c.RestTemplate - Writing [{location_name=null, quantity=13, productId=1}] with org.springframework.http.converter.json.MappingJackson2HttpMessageConverter
[DEBUG] 2023-08-23 01:08:34.993 :      o.s.w.s.DispatcherServlet - POST "/inbound", parameters={}
[DEBUG] 2023-08-23 01:08:34.994 : o.s.w.s.m.m.a.RequestMappingHandlerMapping - Mapped to com.api.stock.StockController#inbound(Map)
[DEBUG] 2023-08-23 01:08:34.997 : o.s.w.s.m.m.a.RequestResponseBodyMethodProcessor - Read "application/json;charset=UTF-8" to [{location_name=null, quantity=13, productId=1}]
[DEBUG] 2023-08-23 01:08:34.999 : o.s.j.s.JdbcTransactionManager - Creating new transaction with name [com.api.stock.service.impl.StockServiceImpl.inBound]: PROPAGATION_REQUIRED,ISOLATION_DEFAULT
[DEBUG] 2023-08-23 01:08:34.999 : o.s.j.s.JdbcTransactionManager - Acquired Connection [HikariProxyConnection@880408143 wrapping com.mysql.cj.jdbc.ConnectionImpl@213d4b6d] for JDBC transaction
[DEBUG] 2023-08-23 01:08:34.999 : o.s.j.s.JdbcTransactionManager - Switching JDBC Connection [HikariProxyConnection@880408143 wrapping com.mysql.cj.jdbc.ConnectionImpl@213d4b6d] to manual commit
[DEBUG] 2023-08-23 01:08:39.279 :          o.m.s.SqlSessionUtils - Creating a new SqlSession
[DEBUG] 2023-08-23 01:08:39.281 :             c.z.h.p.HikariPool - HikariPool-2 - Added connection com.mysql.cj.jdbc.ConnectionImpl@38f8b8a6
[DEBUG] 2023-08-23 01:08:39.283 :          o.m.s.SqlSessionUtils - Registering transaction synchronization for SqlSession [org.apache.ibatis.session.defaults.DefaultSqlSession@2470eb23]
[DEBUG] 2023-08-23 01:08:39.285 : o.m.s.t.SpringManagedTransaction - JDBC Connection [HikariProxyConnection@880408143 wrapping com.mysql.cj.jdbc.ConnectionImpl@213d4b6d] will be managed by Spring
[DEBUG] 2023-08-23 01:08:39.288 :        c.a.s.m.S.findByProduct - ==>  Preparing: select * from product_stock where shipping_product_id = ? order by create_date desc limit 1
[DEBUG] 2023-08-23 01:08:39.293 :        c.a.s.m.S.findByProduct - ==> Parameters: 1(Integer)
[DEBUG] 2023-08-23 01:08:39.317 :        c.a.s.m.S.findByProduct - <==      Total: 1
[DEBUG] 2023-08-23 01:08:39.320 :          o.m.s.SqlSessionUtils - Releasing transactional SqlSession [org.apache.ibatis.session.defaults.DefaultSqlSession@2470eb23]
[DEBUG] 2023-08-23 01:08:39.487 :          o.m.s.SqlSessionUtils - Fetched SqlSession [org.apache.ibatis.session.defaults.DefaultSqlSession@2470eb23] from current transaction
[DEBUG] 2023-08-23 01:08:39.487 :                 c.a.s.m.S.save - ==>  Preparing: INSERT INTO product_stock (shipping_product_id, location_id, quantity, create_date) VALUES ( ?, ?, ?, now() )
[DEBUG] 2023-08-23 01:08:39.488 :                 c.a.s.m.S.save - ==> Parameters: 1(Integer), 1(Integer), 13(Integer)
[DEBUG] 2023-08-23 01:08:39.489 :             c.z.h.p.HikariPool - HikariPool-2 - Added connection com.mysql.cj.jdbc.ConnectionImpl@48dae700
[DEBUG] 2023-08-23 01:08:39.512 :                 c.a.s.m.S.save - <==    Updates: 1
[DEBUG] 2023-08-23 01:08:39.512 :       c.a.s.m.S.save!selectKey - ==>  Preparing: SELECT LAST_INSERT_ID()
[DEBUG] 2023-08-23 01:08:39.513 :       c.a.s.m.S.save!selectKey - ==> Parameters: 
[DEBUG] 2023-08-23 01:08:39.522 :       c.a.s.m.S.save!selectKey - <==      Total: 1
[DEBUG] 2023-08-23 01:08:39.522 :          o.m.s.SqlSessionUtils - Releasing transactional SqlSession [org.apache.ibatis.session.defaults.DefaultSqlSession@2470eb23]
[DEBUG] 2023-08-23 01:08:39.523 :          o.m.s.SqlSessionUtils - Transaction synchronization committing SqlSession [org.apache.ibatis.session.defaults.DefaultSqlSession@2470eb23]
[DEBUG] 2023-08-23 01:08:39.524 :          o.m.s.SqlSessionUtils - Transaction synchronization deregistering SqlSession [org.apache.ibatis.session.defaults.DefaultSqlSession@2470eb23]
[DEBUG] 2023-08-23 01:08:39.524 :          o.m.s.SqlSessionUtils - Transaction synchronization closing SqlSession [org.apache.ibatis.session.defaults.DefaultSqlSession@2470eb23]
[DEBUG] 2023-08-23 01:08:39.524 : o.s.j.s.JdbcTransactionManager - Initiating transaction commit
[DEBUG] 2023-08-23 01:08:39.524 : o.s.j.s.JdbcTransactionManager - Committing JDBC transaction on Connection [HikariProxyConnection@880408143 wrapping com.mysql.cj.jdbc.ConnectionImpl@213d4b6d]
[DEBUG] 2023-08-23 01:08:39.532 : o.s.j.s.JdbcTransactionManager - Releasing JDBC Connection [HikariProxyConnection@880408143 wrapping com.mysql.cj.jdbc.ConnectionImpl@213d4b6d] after transaction
[DEBUG] 2023-08-23 01:08:39.532 :          o.m.s.SqlSessionUtils - Creating a new SqlSession
[DEBUG] 2023-08-23 01:08:39.532 :          o.m.s.SqlSessionUtils - SqlSession [org.apache.ibatis.session.defaults.DefaultSqlSession@3e7aa2d7] was not registered for synchronization because synchronization is not active
[DEBUG] 2023-08-23 01:08:39.532 :        o.s.j.d.DataSourceUtils - Fetching JDBC Connection from DataSource
[DEBUG] 2023-08-23 01:08:39.532 : o.m.s.t.SpringManagedTransaction - JDBC Connection [HikariProxyConnection@890018109 wrapping com.mysql.cj.jdbc.ConnectionImpl@213d4b6d] will not be managed by Spring
[DEBUG] 2023-08-23 01:08:39.533 :             c.a.p.m.P.findById - ==>  Preparing: select * from shipping_product where shipping_product_id = ?
[DEBUG] 2023-08-23 01:08:39.533 :             c.a.p.m.P.findById - ==> Parameters: 1(Integer)
[DEBUG] 2023-08-23 01:08:39.534 :             c.z.h.p.HikariPool - HikariPool-2 - Added connection com.mysql.cj.jdbc.ConnectionImpl@4a21fddb
[DEBUG] 2023-08-23 01:08:39.538 :             c.a.p.m.P.findById - <==      Total: 1
[DEBUG] 2023-08-23 01:08:39.538 :          o.m.s.SqlSessionUtils - Closing non transactional SqlSession [org.apache.ibatis.session.defaults.DefaultSqlSession@3e7aa2d7]
[DEBUG] 2023-08-23 01:08:39.538 :          o.m.s.SqlSessionUtils - Creating a new SqlSession
[DEBUG] 2023-08-23 01:08:39.538 :          o.m.s.SqlSessionUtils - SqlSession [org.apache.ibatis.session.defaults.DefaultSqlSession@216e7de1] was not registered for synchronization because synchronization is not active
[DEBUG] 2023-08-23 01:08:39.538 :        o.s.j.d.DataSourceUtils - Fetching JDBC Connection from DataSource
[DEBUG] 2023-08-23 01:08:39.538 : o.m.s.t.SpringManagedTransaction - JDBC Connection [HikariProxyConnection@819635233 wrapping com.mysql.cj.jdbc.ConnectionImpl@213d4b6d] will not be managed by Spring
[DEBUG] 2023-08-23 01:08:39.538 :             c.a.l.m.L.findById - ==>  Preparing: select * from location_info where location_id = ?
[DEBUG] 2023-08-23 01:08:39.539 :             c.a.l.m.L.findById - ==> Parameters: 1(Integer)
[DEBUG] 2023-08-23 01:08:39.546 :             c.a.l.m.L.findById - <==      Total: 1
[DEBUG] 2023-08-23 01:08:39.546 :          o.m.s.SqlSessionUtils - Closing non transactional SqlSession [org.apache.ibatis.session.defaults.DefaultSqlSession@216e7de1]
[DEBUG] 2023-08-23 01:08:39.547 : o.s.w.s.m.m.a.HttpEntityMethodProcessor - Found 'Content-Type:application/json' in response
[DEBUG] 2023-08-23 01:08:39.548 : o.s.w.s.m.m.a.HttpEntityMethodProcessor - Writing [com.api.config.http.ResMsg@5df49eae]
[DEBUG] 2023-08-23 01:08:39.550 :      o.s.w.s.DispatcherServlet - Completed 200 OK
[DEBUG] 2023-08-23 01:08:39.550 :           o.s.w.c.RestTemplate - Response 200 OK
[DEBUG] 2023-08-23 01:08:39.551 :           o.s.w.c.RestTemplate - Reading to [com.api.config.http.ResMsg]
[DEBUG] 2023-08-23 01:08:39.552 : o.s.t.c.c.DefaultCacheAwareContextLoaderDelegate - Retrieved ApplicationContext [759536602] from cache with key [[WebMergedContextConfiguration@5b643d6e testClass = StockApiTest, locations = '{}', classes = '{class com.api.ApiApplication}', contextInitializerClasses = '[]', activeProfiles = '{}', propertySourceLocations = '{}', propertySourceProperties = '{org.springframework.boot.test.context.SpringBootTestContextBootstrapper=true, server.port=0}', contextCustomizers = set[org.springframework.boot.test.autoconfigure.actuate.metrics.MetricsExportContextCustomizerFactory$DisableMetricExportContextCustomizer@27d4a09, org.springframework.boot.test.autoconfigure.properties.PropertyMappingContextCustomizer@0, org.springframework.boot.test.autoconfigure.web.servlet.WebDriverContextCustomizerFactory$Customizer@6c0d9d86, org.springframework.boot.test.context.filter.ExcludeFilterContextCustomizer@2250b9f2, org.springframework.boot.test.json.DuplicateJsonObjectContextCustomizerFactory$DuplicateJsonObjectContextCustomizer@142269f2, org.springframework.boot.test.mock.mockito.MockitoContextCustomizer@0, org.springframework.boot.test.web.client.TestRestTemplateContextCustomizer@37caecda, org.springframework.boot.test.context.SpringBootTestArgs@1, org.springframework.boot.test.context.SpringBootTestWebEnvironment@25084a1e], resourceBasePath = 'src/main/webapp', contextLoader = 'org.springframework.boot.test.context.SpringBootContextLoader', parent = [null]]]
[DEBUG] 2023-08-23 01:08:39.552 :                  o.s.t.c.cache - Spring test ApplicationContext cache statistics: [DefaultContextCache@663f237a size = 3, maxSize = 32, parentContextCount = 0, hitCount = 162, missCount = 3]
[DEBUG] 2023-08-23 01:08:39.552 : o.s.t.c.c.DefaultCacheAwareContextLoaderDelegate - Retrieved ApplicationContext [759536602] from cache with key [[WebMergedContextConfiguration@5b643d6e testClass = StockApiTest, locations = '{}', classes = '{class com.api.ApiApplication}', contextInitializerClasses = '[]', activeProfiles = '{}', propertySourceLocations = '{}', propertySourceProperties = '{org.springframework.boot.test.context.SpringBootTestContextBootstrapper=true, server.port=0}', contextCustomizers = set[org.springframework.boot.test.autoconfigure.actuate.metrics.MetricsExportContextCustomizerFactory$DisableMetricExportContextCustomizer@27d4a09, org.springframework.boot.test.autoconfigure.properties.PropertyMappingContextCustomizer@0, org.springframework.boot.test.autoconfigure.web.servlet.WebDriverContextCustomizerFactory$Customizer@6c0d9d86, org.springframework.boot.test.context.filter.ExcludeFilterContextCustomizer@2250b9f2, org.springframework.boot.test.json.DuplicateJsonObjectContextCustomizerFactory$DuplicateJsonObjectContextCustomizer@142269f2, org.springframework.boot.test.mock.mockito.MockitoContextCustomizer@0, org.springframework.boot.test.web.client.TestRestTemplateContextCustomizer@37caecda, org.springframework.boot.test.context.SpringBootTestArgs@1, org.springframework.boot.test.context.SpringBootTestWebEnvironment@25084a1e], resourceBasePath = 'src/main/webapp', contextLoader = 'org.springframework.boot.test.context.SpringBootContextLoader', parent = [null]]]
[DEBUG] 2023-08-23 01:08:39.552 :                  o.s.t.c.cache - Spring test ApplicationContext cache statistics: [DefaultContextCache@663f237a size = 3, maxSize = 32, parentContextCount = 0, hitCount = 163, missCount = 3]
[DEBUG] 2023-08-23 01:08:39.553 : o.s.t.c.c.DefaultCacheAwareContextLoaderDelegate - Retrieved ApplicationContext [759536602] from cache with key [[WebMergedContextConfiguration@5b643d6e testClass = StockApiTest, locations = '{}', classes = '{class com.api.ApiApplication}', contextInitializerClasses = '[]', activeProfiles = '{}', propertySourceLocations = '{}', propertySourceProperties = '{org.springframework.boot.test.context.SpringBootTestContextBootstrapper=true, server.port=0}', contextCustomizers = set[org.springframework.boot.test.autoconfigure.actuate.metrics.MetricsExportContextCustomizerFactory$DisableMetricExportContextCustomizer@27d4a09, org.springframework.boot.test.autoconfigure.properties.PropertyMappingContextCustomizer@0, org.springframework.boot.test.autoconfigure.web.servlet.WebDriverContextCustomizerFactory$Customizer@6c0d9d86, org.springframework.boot.test.context.filter.ExcludeFilterContextCustomizer@2250b9f2, org.springframework.boot.test.json.DuplicateJsonObjectContextCustomizerFactory$DuplicateJsonObjectContextCustomizer@142269f2, org.springframework.boot.test.mock.mockito.MockitoContextCustomizer@0, org.springframework.boot.test.web.client.TestRestTemplateContextCustomizer@37caecda, org.springframework.boot.test.context.SpringBootTestArgs@1, org.springframework.boot.test.context.SpringBootTestWebEnvironment@25084a1e], resourceBasePath = 'src/main/webapp', contextLoader = 'org.springframework.boot.test.context.SpringBootContextLoader', parent = [null]]]
[DEBUG] 2023-08-23 01:08:39.553 :                  o.s.t.c.cache - Spring test ApplicationContext cache statistics: [DefaultContextCache@663f237a size = 3, maxSize = 32, parentContextCount = 0, hitCount = 164, missCount = 3]
[DEBUG] 2023-08-23 01:08:39.553 : o.s.t.c.c.DefaultCacheAwareContextLoaderDelegate - Retrieved ApplicationContext [759536602] from cache with key [[WebMergedContextConfiguration@5b643d6e testClass = StockApiTest, locations = '{}', classes = '{class com.api.ApiApplication}', contextInitializerClasses = '[]', activeProfiles = '{}', propertySourceLocations = '{}', propertySourceProperties = '{org.springframework.boot.test.context.SpringBootTestContextBootstrapper=true, server.port=0}', contextCustomizers = set[org.springframework.boot.test.autoconfigure.actuate.metrics.MetricsExportContextCustomizerFactory$DisableMetricExportContextCustomizer@27d4a09, org.springframework.boot.test.autoconfigure.properties.PropertyMappingContextCustomizer@0, org.springframework.boot.test.autoconfigure.web.servlet.WebDriverContextCustomizerFactory$Customizer@6c0d9d86, org.springframework.boot.test.context.filter.ExcludeFilterContextCustomizer@2250b9f2, org.springframework.boot.test.json.DuplicateJsonObjectContextCustomizerFactory$DuplicateJsonObjectContextCustomizer@142269f2, org.springframework.boot.test.mock.mockito.MockitoContextCustomizer@0, org.springframework.boot.test.web.client.TestRestTemplateContextCustomizer@37caecda, org.springframework.boot.test.context.SpringBootTestArgs@1, org.springframework.boot.test.context.SpringBootTestWebEnvironment@25084a1e], resourceBasePath = 'src/main/webapp', contextLoader = 'org.springframework.boot.test.context.SpringBootContextLoader', parent = [null]]]
[DEBUG] 2023-08-23 01:08:39.553 :                  o.s.t.c.cache - Spring test ApplicationContext cache statistics: [DefaultContextCache@663f237a size = 3, maxSize = 32, parentContextCount = 0, hitCount = 165, missCount = 3]
[DEBUG] 2023-08-23 01:08:39.553 : o.s.t.c.c.DefaultCacheAwareContextLoaderDelegate - Retrieved ApplicationContext [759536602] from cache with key [[WebMergedContextConfiguration@5b643d6e testClass = StockApiTest, locations = '{}', classes = '{class com.api.ApiApplication}', contextInitializerClasses = '[]', activeProfiles = '{}', propertySourceLocations = '{}', propertySourceProperties = '{org.springframework.boot.test.context.SpringBootTestContextBootstrapper=true, server.port=0}', contextCustomizers = set[org.springframework.boot.test.autoconfigure.actuate.metrics.MetricsExportContextCustomizerFactory$DisableMetricExportContextCustomizer@27d4a09, org.springframework.boot.test.autoconfigure.properties.PropertyMappingContextCustomizer@0, org.springframework.boot.test.autoconfigure.web.servlet.WebDriverContextCustomizerFactory$Customizer@6c0d9d86, org.springframework.boot.test.context.filter.ExcludeFilterContextCustomizer@2250b9f2, org.springframework.boot.test.json.DuplicateJsonObjectContextCustomizerFactory$DuplicateJsonObjectContextCustomizer@142269f2, org.springframework.boot.test.mock.mockito.MockitoContextCustomizer@0, org.springframework.boot.test.web.client.TestRestTemplateContextCustomizer@37caecda, org.springframework.boot.test.context.SpringBootTestArgs@1, org.springframework.boot.test.context.SpringBootTestWebEnvironment@25084a1e], resourceBasePath = 'src/main/webapp', contextLoader = 'org.springframework.boot.test.context.SpringBootContextLoader', parent = [null]]]
[DEBUG] 2023-08-23 01:08:39.554 :                  o.s.t.c.cache - Spring test ApplicationContext cache statistics: [DefaultContextCache@663f237a size = 3, maxSize = 32, parentContextCount = 0, hitCount = 166, missCount = 3]
[DEBUG] 2023-08-23 01:08:39.554 : o.s.t.c.c.DefaultCacheAwareContextLoaderDelegate - Retrieved ApplicationContext [759536602] from cache with key [[WebMergedContextConfiguration@5b643d6e testClass = StockApiTest, locations = '{}', classes = '{class com.api.ApiApplication}', contextInitializerClasses = '[]', activeProfiles = '{}', propertySourceLocations = '{}', propertySourceProperties = '{org.springframework.boot.test.context.SpringBootTestContextBootstrapper=true, server.port=0}', contextCustomizers = set[org.springframework.boot.test.autoconfigure.actuate.metrics.MetricsExportContextCustomizerFactory$DisableMetricExportContextCustomizer@27d4a09, org.springframework.boot.test.autoconfigure.properties.PropertyMappingContextCustomizer@0, org.springframework.boot.test.autoconfigure.web.servlet.WebDriverContextCustomizerFactory$Customizer@6c0d9d86, org.springframework.boot.test.context.filter.ExcludeFilterContextCustomizer@2250b9f2, org.springframework.boot.test.json.DuplicateJsonObjectContextCustomizerFactory$DuplicateJsonObjectContextCustomizer@142269f2, org.springframework.boot.test.mock.mockito.MockitoContextCustomizer@0, org.springframework.boot.test.web.client.TestRestTemplateContextCustomizer@37caecda, org.springframework.boot.test.context.SpringBootTestArgs@1, org.springframework.boot.test.context.SpringBootTestWebEnvironment@25084a1e], resourceBasePath = 'src/main/webapp', contextLoader = 'org.springframework.boot.test.context.SpringBootContextLoader', parent = [null]]]
[DEBUG] 2023-08-23 01:08:39.554 :                  o.s.t.c.cache - Spring test ApplicationContext cache statistics: [DefaultContextCache@663f237a size = 3, maxSize = 32, parentContextCount = 0, hitCount = 167, missCount = 3]
[DEBUG] 2023-08-23 01:08:39.554 : o.s.t.c.s.AbstractDirtiesContextTestExecutionListener - After test method: context [DefaultTestContext@55d87b73 testClass = StockApiTest, testInstance = com.api.stock.StockApiTest@618e7761, testMethod = getProductApi@StockApiTest, testException = [null], mergedContextConfiguration = [WebMergedContextConfiguration@5b643d6e testClass = StockApiTest, locations = '{}', classes = '{class com.api.ApiApplication}', contextInitializerClasses = '[]', activeProfiles = '{}', propertySourceLocations = '{}', propertySourceProperties = '{org.springframework.boot.test.context.SpringBootTestContextBootstrapper=true, server.port=0}', contextCustomizers = set[org.springframework.boot.test.autoconfigure.actuate.metrics.MetricsExportContextCustomizerFactory$DisableMetricExportContextCustomizer@27d4a09, org.springframework.boot.test.autoconfigure.properties.PropertyMappingContextCustomizer@0, org.springframework.boot.test.autoconfigure.web.servlet.WebDriverContextCustomizerFactory$Customizer@6c0d9d86, org.springframework.boot.test.context.filter.ExcludeFilterContextCustomizer@2250b9f2, org.springframework.boot.test.json.DuplicateJsonObjectContextCustomizerFactory$DuplicateJsonObjectContextCustomizer@142269f2, org.springframework.boot.test.mock.mockito.MockitoContextCustomizer@0, org.springframework.boot.test.web.client.TestRestTemplateContextCustomizer@37caecda, org.springframework.boot.test.context.SpringBootTestArgs@1, org.springframework.boot.test.context.SpringBootTestWebEnvironment@25084a1e], resourceBasePath = 'src/main/webapp', contextLoader = 'org.springframework.boot.test.context.SpringBootContextLoader', parent = [null]], attributes = map['org.springframework.test.context.web.ServletTestExecutionListener.activateListener' -> false, 'org.springframework.test.context.event.ApplicationEventsTestExecutionListener.recordApplicationEvents' -> false]], class annotated with @DirtiesContext [false] with mode [null], method annotated with @DirtiesContext [false] with mode [null].
[DEBUG] 2023-08-23 01:08:39.555 : o.s.t.c.c.DefaultCacheAwareContextLoaderDelegate - Retrieved ApplicationContext [759536602] from cache with key [[WebMergedContextConfiguration@5b643d6e testClass = StockApiTest, locations = '{}', classes = '{class com.api.ApiApplication}', contextInitializerClasses = '[]', activeProfiles = '{}', propertySourceLocations = '{}', propertySourceProperties = '{org.springframework.boot.test.context.SpringBootTestContextBootstrapper=true, server.port=0}', contextCustomizers = set[org.springframework.boot.test.autoconfigure.actuate.metrics.MetricsExportContextCustomizerFactory$DisableMetricExportContextCustomizer@27d4a09, org.springframework.boot.test.autoconfigure.properties.PropertyMappingContextCustomizer@0, org.springframework.boot.test.autoconfigure.web.servlet.WebDriverContextCustomizerFactory$Customizer@6c0d9d86, org.springframework.boot.test.context.filter.ExcludeFilterContextCustomizer@2250b9f2, org.springframework.boot.test.json.DuplicateJsonObjectContextCustomizerFactory$DuplicateJsonObjectContextCustomizer@142269f2, org.springframework.boot.test.mock.mockito.MockitoContextCustomizer@0, org.springframework.boot.test.web.client.TestRestTemplateContextCustomizer@37caecda, org.springframework.boot.test.context.SpringBootTestArgs@1, org.springframework.boot.test.context.SpringBootTestWebEnvironment@25084a1e], resourceBasePath = 'src/main/webapp', contextLoader = 'org.springframework.boot.test.context.SpringBootContextLoader', parent = [null]]]
[DEBUG] 2023-08-23 01:08:39.555 :                  o.s.t.c.cache - Spring test ApplicationContext cache statistics: [DefaultContextCache@663f237a size = 3, maxSize = 32, parentContextCount = 0, hitCount = 168, missCount = 3]
[DEBUG] 2023-08-23 01:08:39.555 : o.s.t.c.s.AbstractDirtiesContextTestExecutionListener - After test class: context [DefaultTestContext@55d87b73 testClass = StockApiTest, testInstance = [null], testMethod = [null], testException = [null], mergedContextConfiguration = [WebMergedContextConfiguration@5b643d6e testClass = StockApiTest, locations = '{}', classes = '{class com.api.ApiApplication}', contextInitializerClasses = '[]', activeProfiles = '{}', propertySourceLocations = '{}', propertySourceProperties = '{org.springframework.boot.test.context.SpringBootTestContextBootstrapper=true, server.port=0}', contextCustomizers = set[org.springframework.boot.test.autoconfigure.actuate.metrics.MetricsExportContextCustomizerFactory$DisableMetricExportContextCustomizer@27d4a09, org.springframework.boot.test.autoconfigure.properties.PropertyMappingContextCustomizer@0, org.springframework.boot.test.autoconfigure.web.servlet.WebDriverContextCustomizerFactory$Customizer@6c0d9d86, org.springframework.boot.test.context.filter.ExcludeFilterContextCustomizer@2250b9f2, org.springframework.boot.test.json.DuplicateJsonObjectContextCustomizerFactory$DuplicateJsonObjectContextCustomizer@142269f2, org.springframework.boot.test.mock.mockito.MockitoContextCustomizer@0, org.springframework.boot.test.web.client.TestRestTemplateContextCustomizer@37caecda, org.springframework.boot.test.context.SpringBootTestArgs@1, org.springframework.boot.test.context.SpringBootTestWebEnvironment@25084a1e], resourceBasePath = 'src/main/webapp', contextLoader = 'org.springframework.boot.test.context.SpringBootContextLoader', parent = [null]], attributes = map['org.springframework.test.context.web.ServletTestExecutionListener.activateListener' -> false, 'org.springframework.test.context.event.ApplicationEventsTestExecutionListener.recordApplicationEvents' -> false]], class annotated with @DirtiesContext [false] with mode [null].
]]></system-out>
  <system-err><![CDATA[]]></system-err>
</testsuite>
