<?xml version="1.0" encoding="UTF-8"?>
<testsuite name="com.api.config.ResponseUtilsTest" tests="3" skipped="0" failures="0" errors="0" timestamp="2023-08-22T16:08:33" hostname="ichunglyeol-ui-MacBookAir.local" time="0.006">
  <properties/>
  <testcase name="ResEntity(String msg,Object data,HttpStatus httpStatus)" classname="com.api.config.ResponseUtilsTest" time="0.004"/>
  <testcase name="ResEntity(String msg,Object data)" classname="com.api.config.ResponseUtilsTest" time="0.0"/>
  <testcase name="ResEntity(String msg,HttpStatus httpStatus)" classname="com.api.config.ResponseUtilsTest" time="0.002"/>
  <system-out><![CDATA[]]></system-out>
  <system-err><![CDATA[]]></system-err>
</testsuite>
