<?xml version="1.0" encoding="UTF-8"?>
<testsuite name="com.api.stock.StockControllerTest" tests="2" skipped="0" failures="0" errors="0" timestamp="2023-08-22T16:08:39" hostname="ichunglyeol-ui-MacBookAir.local" time="0.0">
  <properties/>
  <testcase name="입고 테스트 - 없는 로케이션" classname="com.api.stock.StockControllerTest" time="0.0"/>
  <testcase name="입고 테스트" classname="com.api.stock.StockControllerTest" time="0.0"/>
  <system-out><![CDATA[]]></system-out>
  <system-err><![CDATA[]]></system-err>
</testsuite>
